<?xml version="1.0" encoding="UTF-8"?>
<testsuite name="kr.ac.jejunu.UserDaoTests" tests="4" skipped="0" failures="0" errors="0" timestamp="2022-04-08T09:12:33" hostname="DESKTOP-09B5Q3I" time="0.884">
  <properties/>
  <testcase name="delete()" classname="kr.ac.jejunu.UserDaoTests" time="0.518"/>
  <testcase name="insert()" classname="kr.ac.jejunu.UserDaoTests" time="0.084"/>
  <testcase name="update()" classname="kr.ac.jejunu.UserDaoTests" time="0.243"/>
  <testcase name="findById()" classname="kr.ac.jejunu.UserDaoTests" time="0.038"/>
  <system-out><![CDATA[]]></system-out>
  <system-err><![CDATA[]]></system-err>
</testsuite>
